<?xml version="1.0" encoding="UTF-8"?>
<!-- Generated by org.testng.reporters.JUnitReportReporter -->
<testsuite skipped="0" hostname="ISILBLRDT10019" name="com.puma.home.Testqwertty" tests="1" failures="0" timestamp="16 Oct 2017 14:14:27 GMT" time="24.493" errors="0">
  <testcase name="test" time="24.493" classname="com.puma.home.Testqwertty"/>
</testsuite> <!-- com.puma.home.Testqwertty -->
