<?xml version="1.0" encoding="UTF-8"?>
<!-- Generated by org.testng.reporters.JUnitReportReporter -->
<testsuite skipped="0" hostname="ISILBLRDT10019" name="com.puma.home.Testqwertty" tests="1" failures="0" timestamp="17 Oct 2017 07:34:31 GMT" time="25.759" errors="0">
  <testcase name="test" time="25.759" classname="com.puma.home.Testqwertty"/>
</testsuite> <!-- com.puma.home.Testqwertty -->
